[2025-04-22 17:05:14] [INFO]:get all blogs
[2025-04-22 17:05:15] [INFO]:HTTP GET /favicon.ico
[2025-04-22 17:07:34] [INFO]:HTTP GET /api/blog
[2025-04-22 17:12:22] [ERROR]:not authenticated
[2025-04-22 17:13:33] [ERROR]:not authenticated
[2025-04-22 17:13:38] [INFO]:HTTP GET /api/blog
[2025-04-22 17:15:49] [INFO]:HTTP GET /api/blog
[2025-04-22 17:15:49] [ERROR]:url not found
[2025-04-22 17:19:20] [INFO]:HTTP GET /api/blog
[2025-04-22 17:19:20] [ERROR]:url not found
[2025-04-22 17:27:36] [ERROR]:not authenticated
[2025-04-22 17:32:17] [INFO]:
[2025-04-22 17:32:22] [ERROR]:not authenticated
[2025-04-22 17:35:19] [INFO]:{
  _id: new ObjectId('68079e5e6d381d6dbc40019b'),
  firstName: 'test 1',
  lastName: 'test',
  position: '',
  email: 'test@test.com',
  password: '$2b$10$ARNk1OPYuYhdbxsWGDXseea1nMZOStrdf8Ew4ymY1VkFap2ib4a1q',
  avatar: 'https://www.lummi.ai/photo/young-man-in-urban-setting-tvciy',
  gender: 'male',
  role: 'user',
  createdAt: 2025-04-22T13:49:18.463Z,
  updatedAt: 2025-04-22T15:05:03.920Z,
  __v: 0
} logged in 
[2025-04-22 17:38:03] [ERROR]:not authenticated
[2025-04-23 15:10:31] [ERROR]:not authenticated
[2025-04-23 15:12:22] [ERROR]:not authenticated
[2025-04-26 14:20:37] [ERROR]:not authenticated
[2025-04-26 14:20:49] [INFO]:{
  _id: new ObjectId('68079e5e6d381d6dbc40019b'),
  firstName: 'test 1',
  lastName: 'test',
  position: '',
  email: 'test@test.com',
  password: '$2b$10$ARNk1OPYuYhdbxsWGDXseea1nMZOStrdf8Ew4ymY1VkFap2ib4a1q',
  avatar: 'https://www.lummi.ai/photo/young-man-in-urban-setting-tvciy',
  gender: 'male',
  role: 'user',
  createdAt: 2025-04-22T13:49:18.463Z,
  updatedAt: 2025-04-22T15:05:03.920Z,
  __v: 0
} logged in 
[2025-04-27 16:48:03] [INFO]:HTTP GET /favicon.ico [object Object]
[2025-04-27 16:48:03] [ERROR]:url not found
[2025-04-27 16:52:45] [ERROR]:Cannot read properties of undefined (reading 'userId')
[2025-04-27 16:53:02] [INFO]:{
  _id: new ObjectId('68079e5e6d381d6dbc40019b'),
  firstName: 'test 1',
  lastName: 'test',
  position: '',
  email: 'test@test.com',
  password: '$2b$10$ARNk1OPYuYhdbxsWGDXseea1nMZOStrdf8Ew4ymY1VkFap2ib4a1q',
  avatar: 'https://www.lummi.ai/photo/young-man-in-urban-setting-tvciy',
  gender: 'male',
  role: 'user',
  createdAt: 2025-04-22T13:49:18.463Z,
  updatedAt: 2025-04-22T15:05:03.920Z,
  __v: 0
} logged in 
[2025-04-27 16:53:06] [ERROR]:Cannot read properties of undefined (reading 'userId')
[2025-04-27 16:53:09] [ERROR]:Cannot read properties of undefined (reading 'userId')
[2025-04-27 16:53:10] [ERROR]:Cannot read properties of undefined (reading 'userId')
[2025-04-27 16:53:14] [INFO]:{
  _id: new ObjectId('68079e5e6d381d6dbc40019b'),
  firstName: 'test 1',
  lastName: 'test',
  position: '',
  email: 'test@test.com',
  password: '$2b$10$ARNk1OPYuYhdbxsWGDXseea1nMZOStrdf8Ew4ymY1VkFap2ib4a1q',
  avatar: 'https://www.lummi.ai/photo/young-man-in-urban-setting-tvciy',
  gender: 'male',
  role: 'user',
  createdAt: 2025-04-22T13:49:18.463Z,
  updatedAt: 2025-04-22T15:05:03.920Z,
  __v: 0
} logged in 
[2025-04-27 16:53:15] [INFO]:{
  _id: new ObjectId('68079e5e6d381d6dbc40019b'),
  firstName: 'test 1',
  lastName: 'test',
  position: '',
  email: 'test@test.com',
  password: '$2b$10$ARNk1OPYuYhdbxsWGDXseea1nMZOStrdf8Ew4ymY1VkFap2ib4a1q',
  avatar: 'https://www.lummi.ai/photo/young-man-in-urban-setting-tvciy',
  gender: 'male',
  role: 'user',
  createdAt: 2025-04-22T13:49:18.463Z,
  updatedAt: 2025-04-22T15:05:03.920Z,
  __v: 0
} logged in 
[2025-04-27 16:53:18] [ERROR]:Cannot read properties of undefined (reading 'userId')
[2025-04-27 16:53:32] [INFO]:{
  _id: new ObjectId('68079e5e6d381d6dbc40019b'),
  firstName: 'test 1',
  lastName: 'test',
  position: '',
  email: 'test@test.com',
  password: '$2b$10$ARNk1OPYuYhdbxsWGDXseea1nMZOStrdf8Ew4ymY1VkFap2ib4a1q',
  avatar: 'https://www.lummi.ai/photo/young-man-in-urban-setting-tvciy',
  gender: 'male',
  role: 'user',
  createdAt: 2025-04-22T13:49:18.463Z,
  updatedAt: 2025-04-22T15:05:03.920Z,
  __v: 0
} logged in 
[2025-04-27 16:53:38] [ERROR]:not authenticated
[2025-04-27 16:54:28] [ERROR]:not authenticated
[2025-04-27 16:54:41] [ERROR]:not authenticated
[2025-04-27 16:55:11] [ERROR]:not authenticated
[2025-04-27 16:56:13] [ERROR]:not authenticated
[2025-04-27 16:56:43] [ERROR]:not authenticated
[2025-04-27 16:57:05] [ERROR]:not authenticated
[2025-04-29 10:20:49] [ERROR]:not authenticated
[2025-04-29 10:20:51] [ERROR]:not authenticated
[2025-04-29 10:20:55] [ERROR]:not authenticated
[2025-04-29 10:20:55] [ERROR]:not authenticated
[2025-04-29 10:20:55] [ERROR]:not authenticated
[2025-04-29 10:21:20] [ERROR]:not authenticated
[2025-04-29 10:21:21] [ERROR]:not authenticated
[2025-04-29 10:21:23] [ERROR]:not authenticated
[2025-04-29 10:21:27] [ERROR]:not authenticated
[2025-04-29 10:22:08] [ERROR]:not authenticated
[2025-04-29 10:22:09] [ERROR]:not authenticated
[2025-04-29 10:22:11] [ERROR]:not authenticated
[2025-04-29 10:22:16] [ERROR]:not authenticated
[2025-04-29 10:22:17] [ERROR]:not authenticated
[2025-04-29 10:22:19] [ERROR]:not authenticated
[2025-04-29 10:22:23] [ERROR]:not authenticated
[2025-04-29 10:23:15] [ERROR]:not authenticated
[2025-04-29 10:23:17] [ERROR]:not authenticated
[2025-04-29 10:23:19] [ERROR]:not authenticated
[2025-04-29 10:23:23] [ERROR]:not authenticated
[2025-04-29 10:23:48] [ERROR]:not authenticated
[2025-04-29 10:26:11] [ERROR]:not authenticated
[2025-04-29 10:26:12] [ERROR]:not authenticated
[2025-04-29 10:29:28] [ERROR]:not authenticated
[2025-04-29 10:29:45] [ERROR]:not authenticated
[2025-04-29 10:29:47] [ERROR]:not authenticated
[2025-04-29 10:29:52] [ERROR]:not authenticated
[2025-04-29 10:30:08] [ERROR]:not authenticated
[2025-04-29 10:33:05] [ERROR]:not authenticated
[2025-04-29 10:33:07] [ERROR]:not authenticated
[2025-04-29 10:33:11] [ERROR]:not authenticated
[2025-04-29 10:33:25] [ERROR]:not authenticated
[2025-04-29 10:33:26] [ERROR]:not authenticated
[2025-04-29 10:33:28] [ERROR]:not authenticated
[2025-04-29 10:33:29] [ERROR]:not authenticated
[2025-04-29 10:33:31] [ERROR]:not authenticated
[2025-04-29 10:33:45] [ERROR]:not authenticated
[2025-04-29 10:33:49] [ERROR]:not authenticated
[2025-04-29 10:34:15] [ERROR]:not authenticated
[2025-04-29 10:34:17] [ERROR]:not authenticated
[2025-04-29 10:34:21] [ERROR]:not authenticated
[2025-04-29 10:34:29] [ERROR]:not authenticated
[2025-04-29 10:36:05] [ERROR]:not authenticated
[2025-04-29 10:36:07] [ERROR]:not authenticated
[2025-04-29 10:36:11] [ERROR]:not authenticated
[2025-04-29 10:37:16] [ERROR]:not authenticated
[2025-04-29 10:37:17] [ERROR]:not authenticated
[2025-04-29 10:37:19] [ERROR]:not authenticated
[2025-04-29 10:37:23] [ERROR]:not authenticated
[2025-04-29 10:37:39] [ERROR]:not authenticated
[2025-04-29 10:37:40] [ERROR]:not authenticated
[2025-04-29 10:37:42] [ERROR]:not authenticated
[2025-04-29 10:37:46] [ERROR]:not authenticated
[2025-04-29 10:38:13] [ERROR]:not authenticated
[2025-04-29 10:38:14] [ERROR]:not authenticated
[2025-04-29 10:38:16] [ERROR]:not authenticated
[2025-04-29 10:38:20] [ERROR]:not authenticated
[2025-04-29 10:38:54] [ERROR]:not authenticated
[2025-04-29 10:38:55] [ERROR]:not authenticated
[2025-04-29 10:38:57] [ERROR]:not authenticated
[2025-04-29 10:39:01] [ERROR]:not authenticated
[2025-04-29 10:39:13] [ERROR]:not authenticated
[2025-04-29 10:39:14] [ERROR]:not authenticated
[2025-04-29 10:39:16] [ERROR]:not authenticated
[2025-04-29 10:39:20] [ERROR]:not authenticated
[2025-04-29 11:14:43] [INFO]:{
  _id: new ObjectId('68079e5e6d381d6dbc40019b'),
  firstName: 'test 1',
  lastName: 'test',
  position: '',
  email: 'test@test.com',
  password: '$2b$10$ARNk1OPYuYhdbxsWGDXseea1nMZOStrdf8Ew4ymY1VkFap2ib4a1q',
  avatar: 'https://www.lummi.ai/photo/young-man-in-urban-setting-tvciy',
  gender: 'male',
  role: 'user',
  createdAt: 2025-04-22T13:49:18.463Z,
  updatedAt: 2025-04-22T15:05:03.920Z,
  __v: 0
} logged in 
[2025-04-29 11:14:50] [ERROR]:Cast to ObjectId failed for value "{ _id: undefined }" (type Object) at path "_id" for model "Blog"
[2025-04-29 12:36:09] [ERROR]:email already in use,password must be at least 8 characters
[2025-04-29 12:38:46] [INFO]:{
  email: 'john@doe.com',
  firstName: 'john',
  lastName: 'doe',
  position: '',
  password: '$2b$10$uXNFqE1M1lxRWkmZLISBc.RzbuDXli.DnwnbZDNL3U8dxRQDEUlQa',
  avatar: 'https://www.lummi.ai/photo/young-man-in-urban-setting-tvciy',
  gender: 'male',
  role: 'user',
  _id: new ObjectId('6810ba4656361433976430a4'),
  createdAt: 2025-04-29T11:38:46.507Z,
  updatedAt: 2025-04-29T11:38:46.507Z,
  __v: 0
} registred 
[2025-04-29 12:39:05] [INFO]:{
  _id: new ObjectId('6810ba4656361433976430a4'),
  email: 'john@doe.com',
  firstName: 'john',
  lastName: 'doe',
  position: '',
  password: '$2b$10$uXNFqE1M1lxRWkmZLISBc.RzbuDXli.DnwnbZDNL3U8dxRQDEUlQa',
  avatar: 'https://www.lummi.ai/photo/young-man-in-urban-setting-tvciy',
  gender: 'male',
  role: 'user',
  createdAt: 2025-04-29T11:38:46.507Z,
  updatedAt: 2025-04-29T11:38:46.507Z,
  __v: 0
} logged in 
[2025-04-29 12:51:45] [ERROR]:description is required
[2025-04-29 12:51:52] [ERROR]:Cast to embedded failed for value "100" (type number) at path "likes" because of "ObjectParameterError"
[2025-04-29 12:56:02] [ERROR]:blogId is not defined
[2025-04-29 12:56:05] [ERROR]:blogId is not defined
[2025-04-29 12:56:06] [ERROR]:blogId is not defined
[2025-04-29 12:56:07] [ERROR]:blogId is not defined
[2025-04-29 12:56:08] [ERROR]:blogId is not defined
[2025-04-29 12:56:08] [ERROR]:blogId is not defined
[2025-04-29 12:56:09] [ERROR]:blogId is not defined
[2025-04-29 12:56:09] [ERROR]:blogId is not defined
[2025-04-29 12:56:09] [ERROR]:blogId is not defined
[2025-04-29 12:56:09] [ERROR]:blogId is not defined
[2025-04-29 12:56:09] [ERROR]:blogId is not defined
[2025-04-29 12:56:10] [ERROR]:blogId is not defined
[2025-04-29 13:01:39] [ERROR]:blgoId is not defined
[2025-04-29 13:04:46] [INFO]:HTTP POST /api/blogs/6810bd43c1d79b03a106b6a0/like [object Object]
[2025-04-29 13:04:46] [ERROR]:url not found
[2025-04-29 13:07:11] [INFO]:HTTP POST /api/blogs/like [object Object]
[2025-04-29 13:07:11] [ERROR]:url not found
[2025-04-29 13:22:00] [ERROR]:Cannot read properties of undefined (reading 'log')
[2025-04-29 13:24:28] [ERROR]:Expected ',' or '}' after property value in JSON at position 24 (line 3 column 3)
[2025-04-29 14:20:58] [ERROR]:not authenticated
[2025-04-29 14:20:59] [INFO]:HTTP GET /favicon.ico [object Object]
[2025-04-29 14:20:59] [ERROR]:url not found
[2025-04-29 14:21:16] [ERROR]:not authenticated
[2025-04-29 14:21:17] [ERROR]:not authenticated
[2025-04-29 14:21:19] [ERROR]:not authenticated
[2025-04-29 14:21:23] [ERROR]:not authenticated
[2025-04-29 14:21:27] [ERROR]:not authenticated
[2025-04-29 14:22:44] [ERROR]:not authenticated
[2025-04-29 14:22:46] [ERROR]:not authenticated
[2025-04-29 14:22:48] [ERROR]:not authenticated
[2025-04-29 14:22:50] [ERROR]:not authenticated
[2025-04-29 14:22:52] [ERROR]:not authenticated
[2025-04-29 14:22:56] [ERROR]:not authenticated
[2025-04-29 14:23:21] [ERROR]:not authenticated
[2025-04-29 14:25:41] [ERROR]:not authenticated
[2025-04-29 14:26:12] [ERROR]:not authenticated
[2025-04-29 14:26:24] [ERROR]:not authenticated
[2025-04-29 14:26:25] [ERROR]:not authenticated
[2025-04-29 14:26:27] [ERROR]:not authenticated
[2025-04-29 14:26:31] [ERROR]:not authenticated
[2025-04-29 14:27:02] [ERROR]:not authenticated
[2025-04-29 14:27:03] [ERROR]:not authenticated
[2025-04-29 14:27:05] [ERROR]:not authenticated
[2025-04-29 14:27:08] [ERROR]:not authenticated
[2025-04-29 14:27:09] [ERROR]:not authenticated
[2025-04-29 14:27:11] [ERROR]:not authenticated
[2025-04-29 14:27:15] [ERROR]:not authenticated
[2025-04-29 14:27:21] [ERROR]:not authenticated
[2025-04-29 14:27:22] [ERROR]:not authenticated
[2025-04-29 14:27:24] [ERROR]:not authenticated
[2025-04-29 14:27:28] [ERROR]:not authenticated
[2025-04-29 14:27:33] [ERROR]:not authenticated
[2025-04-29 14:27:34] [ERROR]:not authenticated
[2025-04-29 14:27:37] [ERROR]:not authenticated
[2025-04-29 14:27:38] [ERROR]:not authenticated
[2025-04-29 14:27:40] [ERROR]:not authenticated
[2025-04-29 14:27:44] [ERROR]:not authenticated
[2025-04-29 14:31:21] [ERROR]:not authenticated
[2025-04-29 14:31:22] [ERROR]:not authenticated
[2025-04-29 14:31:24] [ERROR]:not authenticated
[2025-04-29 14:31:28] [ERROR]:not authenticated
[2025-04-29 14:31:53] [ERROR]:not authenticated
[2025-04-29 14:32:11] [ERROR]:not authenticated
[2025-04-29 14:32:13] [ERROR]:not authenticated
[2025-04-29 14:32:17] [ERROR]:not authenticated
[2025-04-29 14:32:28] [ERROR]:not authenticated
[2025-04-29 14:32:29] [ERROR]:not authenticated
[2025-04-29 14:32:31] [ERROR]:not authenticated
[2025-04-29 14:32:35] [ERROR]:not authenticated
[2025-04-29 14:44:11] [ERROR]:not authenticated
[2025-04-29 14:44:12] [ERROR]:not authenticated
[2025-04-29 14:44:14] [ERROR]:not authenticated
[2025-04-29 14:44:18] [ERROR]:not authenticated
[2025-04-29 15:28:18] [ERROR]:not authenticated
[2025-04-29 15:35:52] [ERROR]:not authenticated
[2025-04-29 15:35:54] [ERROR]:not authenticated
[2025-04-29 15:35:58] [ERROR]:not authenticated
[2025-04-29 15:36:16] [ERROR]:not authenticated
[2025-04-29 15:36:17] [ERROR]:not authenticated
[2025-04-29 15:36:19] [ERROR]:not authenticated
[2025-04-29 15:36:23] [ERROR]:not authenticated
[2025-04-29 15:38:56] [ERROR]:not authenticated
[2025-04-29 15:38:57] [ERROR]:not authenticated
[2025-04-29 15:38:59] [ERROR]:not authenticated
[2025-04-29 15:39:03] [ERROR]:not authenticated
[2025-04-29 15:42:33] [ERROR]:not authenticated
[2025-04-30 14:13:14] [ERROR]:invalid credentials
[2025-04-30 14:14:23] [ERROR]:invalid credentials
[2025-04-30 14:32:21] [ERROR]:invalid credentials
[2025-04-30 14:32:33] [ERROR]:invalid credentials
[2025-04-30 14:32:50] [ERROR]:invalid credentials
[2025-04-30 14:33:50] [ERROR]:invalid credentials
[2025-04-30 14:44:05] [ERROR]:invalid credentials
[2025-04-30 14:44:58] [ERROR]:invalid credentials
[2025-04-30 14:45:18] [ERROR]:invalid credentials
[2025-04-30 14:45:29] [ERROR]:invalid credentials
[2025-04-30 14:45:39] [ERROR]:invalid credentials
[2025-04-30 14:45:54] [ERROR]:invalid credentials
[2025-04-30 14:46:22] [ERROR]:invalid credentials
[2025-04-30 14:46:29] [ERROR]:invalid credentials
[2025-04-30 14:46:42] [ERROR]:invalid credentials
[2025-04-30 14:46:59] [ERROR]:invalid credentials
[2025-04-30 14:47:06] [ERROR]:invalid credentials
[2025-04-30 14:47:30] [ERROR]:invalid credentials
[2025-04-30 14:52:50] [ERROR]:invalid credentials
[2025-04-30 14:54:26] [ERROR]:invalid credentials
[2025-04-30 15:03:00] [ERROR]:gender is required,email already in use
[2025-04-30 15:03:13] [ERROR]:gender is required,email already in use
[2025-04-30 15:03:59] [ERROR]:gender is required,email already in use
[2025-04-30 15:04:07] [ERROR]:gender is required,email already in use
[2025-04-30 15:05:03] [ERROR]:gender is required,email already in use
[2025-04-30 15:05:16] [ERROR]:gender is required,email already in use
[2025-04-30 15:05:21] [ERROR]:gender is required,email already in use
[2025-04-30 15:05:36] [ERROR]:gender is required,email already in use
[2025-04-30 15:12:29] [ERROR]:email already in use
[2025-04-30 15:13:24] [INFO]:{
  email: 'john@doe2.com',
  firstName: 'john',
  lastName: 'doe',
  birthDate: 2000-10-10T00:00:00.000Z,
  password: '$2b$10$TjPwJAAhYL1VO8E/KdyTfODSD.7NX7u4RK9JwGA4HJhpVZ90JPZ32',
  gender: 'male',
  role: 'user',
  _id: new ObjectId('681230039504cffb85540fc2'),
  createdAt: 2025-04-30T14:13:24.004Z,
  updatedAt: 2025-04-30T14:13:24.004Z,
  __v: 0
} registred 
[2025-04-30 15:14:00] [INFO]:{
  _id: new ObjectId('681230039504cffb85540fc2'),
  email: 'john@doe2.com',
  firstName: 'john',
  lastName: 'doe',
  birthDate: 2000-10-10T00:00:00.000Z,
  password: '$2b$10$TjPwJAAhYL1VO8E/KdyTfODSD.7NX7u4RK9JwGA4HJhpVZ90JPZ32',
  gender: 'male',
  role: 'user',
  createdAt: 2025-04-30T14:13:24.004Z,
  updatedAt: 2025-04-30T14:13:24.004Z,
  __v: 0
} logged in 
[2025-04-30 15:14:18] [INFO]:{
  _id: new ObjectId('681230039504cffb85540fc2'),
  email: 'john@doe2.com',
  firstName: 'john',
  lastName: 'doe',
  birthDate: 2000-10-10T00:00:00.000Z,
  password: '$2b$10$TjPwJAAhYL1VO8E/KdyTfODSD.7NX7u4RK9JwGA4HJhpVZ90JPZ32',
  gender: 'male',
  role: 'user',
  createdAt: 2025-04-30T14:13:24.004Z,
  updatedAt: 2025-04-30T14:13:24.004Z,
  __v: 0
} logged in 
[2025-04-30 15:14:34] [ERROR]:invalid credentials
[2025-04-30 15:15:02] [ERROR]:invalid credentials
[2025-04-30 15:15:22] [ERROR]:invalid credentials
[2025-04-30 15:15:40] [INFO]:{
  _id: new ObjectId('681230039504cffb85540fc2'),
  email: 'john@doe2.com',
  firstName: 'john',
  lastName: 'doe',
  birthDate: 2000-10-10T00:00:00.000Z,
  password: '$2b$10$TjPwJAAhYL1VO8E/KdyTfODSD.7NX7u4RK9JwGA4HJhpVZ90JPZ32',
  gender: 'male',
  role: 'user',
  createdAt: 2025-04-30T14:13:24.004Z,
  updatedAt: 2025-04-30T14:13:24.004Z,
  __v: 0
} logged in 
[2025-04-30 15:16:33] [INFO]:{
  _id: new ObjectId('681230039504cffb85540fc2'),
  email: 'john@doe2.com',
  firstName: 'john',
  lastName: 'doe',
  birthDate: 2000-10-10T00:00:00.000Z,
  password: '$2b$10$TjPwJAAhYL1VO8E/KdyTfODSD.7NX7u4RK9JwGA4HJhpVZ90JPZ32',
  gender: 'male',
  role: 'user',
  createdAt: 2025-04-30T14:13:24.004Z,
  updatedAt: 2025-04-30T14:13:24.004Z,
  __v: 0
} logged in 
[2025-04-30 15:16:41] [INFO]:{
  _id: new ObjectId('681230039504cffb85540fc2'),
  email: 'john@doe2.com',
  firstName: 'john',
  lastName: 'doe',
  birthDate: 2000-10-10T00:00:00.000Z,
  password: '$2b$10$TjPwJAAhYL1VO8E/KdyTfODSD.7NX7u4RK9JwGA4HJhpVZ90JPZ32',
  gender: 'male',
  role: 'user',
  createdAt: 2025-04-30T14:13:24.004Z,
  updatedAt: 2025-04-30T14:13:24.004Z,
  __v: 0
} logged in 
[2025-04-30 15:17:25] [INFO]:{
  _id: new ObjectId('681230039504cffb85540fc2'),
  email: 'john@doe2.com',
  firstName: 'john',
  lastName: 'doe',
  birthDate: 2000-10-10T00:00:00.000Z,
  password: '$2b$10$TjPwJAAhYL1VO8E/KdyTfODSD.7NX7u4RK9JwGA4HJhpVZ90JPZ32',
  gender: 'male',
  role: 'user',
  createdAt: 2025-04-30T14:13:24.004Z,
  updatedAt: 2025-04-30T14:13:24.004Z,
  __v: 0
} logged in 
[2025-04-30 15:23:12] [ERROR]:invalid credentials
[2025-04-30 15:23:14] [ERROR]:invalid credentials
[2025-04-30 15:24:27] [ERROR]:invalid credentials
[2025-04-30 15:25:05] [ERROR]:invalid credentials
[2025-04-30 15:25:06] [ERROR]:invalid credentials
[2025-04-30 15:25:19] [ERROR]:invalid credentials
[2025-04-30 15:25:23] [ERROR]:invalid credentials
[2025-04-30 15:25:57] [ERROR]:invalid credentials
[2025-04-30 15:25:58] [ERROR]:invalid credentials
[2025-04-30 15:26:03] [ERROR]:invalid credentials
[2025-04-30 15:26:04] [ERROR]:invalid credentials
[2025-04-30 15:26:05] [ERROR]:invalid credentials
[2025-04-30 15:26:09] [ERROR]:invalid credentials
[2025-04-30 15:26:10] [ERROR]:invalid credentials
[2025-04-30 15:26:11] [ERROR]:invalid credentials
[2025-04-30 15:26:12] [ERROR]:invalid credentials
[2025-04-30 15:26:26] [ERROR]:invalid credentials
[2025-04-30 15:26:27] [ERROR]:invalid credentials
[2025-04-30 15:26:56] [ERROR]:invalid credentials
[2025-04-30 15:27:05] [ERROR]:invalid credentials
[2025-04-30 15:27:06] [ERROR]:invalid credentials
[2025-04-30 15:27:07] [ERROR]:invalid credentials
[2025-04-30 15:27:08] [ERROR]:invalid credentials
[2025-04-30 15:27:12] [ERROR]:invalid credentials
[2025-04-30 15:27:13] [ERROR]:invalid credentials
[2025-04-30 15:36:57] [ERROR]:invalid credentials
[2025-04-30 15:37:10] [ERROR]:invalid credentials
[2025-04-30 15:37:15] [INFO]:{
  _id: new ObjectId('681230039504cffb85540fc2'),
  email: 'john@doe2.com',
  firstName: 'john',
  lastName: 'doe',
  birthDate: 2000-10-10T00:00:00.000Z,
  password: '$2b$10$TjPwJAAhYL1VO8E/KdyTfODSD.7NX7u4RK9JwGA4HJhpVZ90JPZ32',
  gender: 'male',
  role: 'user',
  createdAt: 2025-04-30T14:13:24.004Z,
  updatedAt: 2025-04-30T14:13:24.004Z,
  __v: 0
} logged in 
[2025-04-30 15:37:58] [INFO]:{
  _id: new ObjectId('681230039504cffb85540fc2'),
  email: 'john@doe2.com',
  firstName: 'john',
  lastName: 'doe',
  birthDate: 2000-10-10T00:00:00.000Z,
  password: '$2b$10$TjPwJAAhYL1VO8E/KdyTfODSD.7NX7u4RK9JwGA4HJhpVZ90JPZ32',
  gender: 'male',
  role: 'user',
  createdAt: 2025-04-30T14:13:24.004Z,
  updatedAt: 2025-04-30T14:13:24.004Z,
  __v: 0
} logged in 
[2025-04-30 15:39:07] [INFO]:{
  _id: new ObjectId('681230039504cffb85540fc2'),
  email: 'john@doe2.com',
  firstName: 'john',
  lastName: 'doe',
  birthDate: 2000-10-10T00:00:00.000Z,
  password: '$2b$10$TjPwJAAhYL1VO8E/KdyTfODSD.7NX7u4RK9JwGA4HJhpVZ90JPZ32',
  gender: 'male',
  role: 'user',
  createdAt: 2025-04-30T14:13:24.004Z,
  updatedAt: 2025-04-30T14:13:24.004Z,
  __v: 0
} logged in 
[2025-04-30 15:40:14] [INFO]:{
  _id: new ObjectId('681230039504cffb85540fc2'),
  email: 'john@doe2.com',
  firstName: 'john',
  lastName: 'doe',
  birthDate: 2000-10-10T00:00:00.000Z,
  password: '$2b$10$TjPwJAAhYL1VO8E/KdyTfODSD.7NX7u4RK9JwGA4HJhpVZ90JPZ32',
  gender: 'male',
  role: 'user',
  createdAt: 2025-04-30T14:13:24.004Z,
  updatedAt: 2025-04-30T14:13:24.004Z,
  __v: 0
} logged in 
[2025-04-30 17:36:55] [INFO]:{
  _id: new ObjectId('681230039504cffb85540fc2'),
  email: 'john@doe2.com',
  firstName: 'john',
  lastName: 'doe',
  birthDate: 2000-10-10T00:00:00.000Z,
  password: '$2b$10$TjPwJAAhYL1VO8E/KdyTfODSD.7NX7u4RK9JwGA4HJhpVZ90JPZ32',
  gender: 'male',
  role: 'user',
  createdAt: 2025-04-30T14:13:24.004Z,
  updatedAt: 2025-04-30T14:13:24.004Z,
  __v: 0
} logged in 
[2025-04-30 17:36:57] [INFO]:{
  _id: new ObjectId('681230039504cffb85540fc2'),
  email: 'john@doe2.com',
  firstName: 'john',
  lastName: 'doe',
  birthDate: 2000-10-10T00:00:00.000Z,
  password: '$2b$10$TjPwJAAhYL1VO8E/KdyTfODSD.7NX7u4RK9JwGA4HJhpVZ90JPZ32',
  gender: 'male',
  role: 'user',
  createdAt: 2025-04-30T14:13:24.004Z,
  updatedAt: 2025-04-30T14:13:24.004Z,
  __v: 0
} logged in 
[2025-04-30 17:36:58] [INFO]:{
  _id: new ObjectId('681230039504cffb85540fc2'),
  email: 'john@doe2.com',
  firstName: 'john',
  lastName: 'doe',
  birthDate: 2000-10-10T00:00:00.000Z,
  password: '$2b$10$TjPwJAAhYL1VO8E/KdyTfODSD.7NX7u4RK9JwGA4HJhpVZ90JPZ32',
  gender: 'male',
  role: 'user',
  createdAt: 2025-04-30T14:13:24.004Z,
  updatedAt: 2025-04-30T14:13:24.004Z,
  __v: 0
} logged in 
[2025-04-30 17:39:14] [INFO]:{
  _id: new ObjectId('681230039504cffb85540fc2'),
  email: 'john@doe2.com',
  firstName: 'john',
  lastName: 'doe',
  birthDate: 2000-10-10T00:00:00.000Z,
  password: '$2b$10$TjPwJAAhYL1VO8E/KdyTfODSD.7NX7u4RK9JwGA4HJhpVZ90JPZ32',
  gender: 'male',
  role: 'user',
  createdAt: 2025-04-30T14:13:24.004Z,
  updatedAt: 2025-04-30T14:13:24.004Z,
  __v: 0
} logged in 
[2025-04-30 17:40:44] [INFO]:{
  _id: new ObjectId('681230039504cffb85540fc2'),
  email: 'john@doe2.com',
  firstName: 'john',
  lastName: 'doe',
  birthDate: 2000-10-10T00:00:00.000Z,
  password: '$2b$10$TjPwJAAhYL1VO8E/KdyTfODSD.7NX7u4RK9JwGA4HJhpVZ90JPZ32',
  gender: 'male',
  role: 'user',
  createdAt: 2025-04-30T14:13:24.004Z,
  updatedAt: 2025-04-30T14:13:24.004Z,
  __v: 0
} logged in 
[2025-04-30 17:41:27] [INFO]:{
  _id: new ObjectId('681230039504cffb85540fc2'),
  email: 'john@doe2.com',
  firstName: 'john',
  lastName: 'doe',
  birthDate: 2000-10-10T00:00:00.000Z,
  password: '$2b$10$TjPwJAAhYL1VO8E/KdyTfODSD.7NX7u4RK9JwGA4HJhpVZ90JPZ32',
  gender: 'male',
  role: 'user',
  createdAt: 2025-04-30T14:13:24.004Z,
  updatedAt: 2025-04-30T14:13:24.004Z,
  __v: 0
} logged in 
[2025-04-30 17:41:35] [INFO]:{
  _id: new ObjectId('681230039504cffb85540fc2'),
  email: 'john@doe2.com',
  firstName: 'john',
  lastName: 'doe',
  birthDate: 2000-10-10T00:00:00.000Z,
  password: '$2b$10$TjPwJAAhYL1VO8E/KdyTfODSD.7NX7u4RK9JwGA4HJhpVZ90JPZ32',
  gender: 'male',
  role: 'user',
  createdAt: 2025-04-30T14:13:24.004Z,
  updatedAt: 2025-04-30T14:13:24.004Z,
  __v: 0
} logged in 
[2025-04-30 17:42:16] [INFO]:{
  _id: new ObjectId('681230039504cffb85540fc2'),
  email: 'john@doe2.com',
  firstName: 'john',
  lastName: 'doe',
  birthDate: 2000-10-10T00:00:00.000Z,
  password: '$2b$10$TjPwJAAhYL1VO8E/KdyTfODSD.7NX7u4RK9JwGA4HJhpVZ90JPZ32',
  gender: 'male',
  role: 'user',
  createdAt: 2025-04-30T14:13:24.004Z,
  updatedAt: 2025-04-30T14:13:24.004Z,
  __v: 0
} logged in 
[2025-05-01 09:10:24] [INFO]:{
  _id: new ObjectId('681230039504cffb85540fc2'),
  email: 'john@doe2.com',
  firstName: 'john',
  lastName: 'doe',
  birthDate: 2000-10-10T00:00:00.000Z,
  password: '$2b$10$TjPwJAAhYL1VO8E/KdyTfODSD.7NX7u4RK9JwGA4HJhpVZ90JPZ32',
  gender: 'male',
  role: 'user',
  createdAt: 2025-04-30T14:13:24.004Z,
  updatedAt: 2025-04-30T14:13:24.004Z,
  __v: 0
} logged in 
[2025-05-01 09:10:32] [INFO]:{
  _id: new ObjectId('681230039504cffb85540fc2'),
  email: 'john@doe2.com',
  firstName: 'john',
  lastName: 'doe',
  birthDate: 2000-10-10T00:00:00.000Z,
  password: '$2b$10$TjPwJAAhYL1VO8E/KdyTfODSD.7NX7u4RK9JwGA4HJhpVZ90JPZ32',
  gender: 'male',
  role: 'user',
  createdAt: 2025-04-30T14:13:24.004Z,
  updatedAt: 2025-04-30T14:13:24.004Z,
  __v: 0
} logged in 
[2025-05-01 09:11:53] [INFO]:{
  _id: new ObjectId('681230039504cffb85540fc2'),
  email: 'john@doe2.com',
  firstName: 'john',
  lastName: 'doe',
  birthDate: 2000-10-10T00:00:00.000Z,
  password: '$2b$10$TjPwJAAhYL1VO8E/KdyTfODSD.7NX7u4RK9JwGA4HJhpVZ90JPZ32',
  gender: 'male',
  role: 'user',
  createdAt: 2025-04-30T14:13:24.004Z,
  updatedAt: 2025-04-30T14:13:24.004Z,
  __v: 0
} logged in 
[2025-05-01 09:20:54] [INFO]:{
  _id: new ObjectId('681230039504cffb85540fc2'),
  email: 'john@doe2.com',
  firstName: 'john',
  lastName: 'doe',
  birthDate: 2000-10-10T00:00:00.000Z,
  password: '$2b$10$TjPwJAAhYL1VO8E/KdyTfODSD.7NX7u4RK9JwGA4HJhpVZ90JPZ32',
  gender: 'male',
  role: 'user',
  createdAt: 2025-04-30T14:13:24.004Z,
  updatedAt: 2025-04-30T14:13:24.004Z,
  __v: 0
} logged in 
[2025-05-01 09:23:24] [INFO]:{
  _id: new ObjectId('681230039504cffb85540fc2'),
  email: 'john@doe2.com',
  firstName: 'john',
  lastName: 'doe',
  birthDate: 2000-10-10T00:00:00.000Z,
  password: '$2b$10$TjPwJAAhYL1VO8E/KdyTfODSD.7NX7u4RK9JwGA4HJhpVZ90JPZ32',
  gender: 'male',
  role: 'user',
  createdAt: 2025-04-30T14:13:24.004Z,
  updatedAt: 2025-04-30T14:13:24.004Z,
  __v: 0
} logged in 
[2025-05-01 09:25:58] [INFO]:{
  _id: new ObjectId('681230039504cffb85540fc2'),
  email: 'john@doe2.com',
  firstName: 'john',
  lastName: 'doe',
  birthDate: 2000-10-10T00:00:00.000Z,
  password: '$2b$10$TjPwJAAhYL1VO8E/KdyTfODSD.7NX7u4RK9JwGA4HJhpVZ90JPZ32',
  gender: 'male',
  role: 'user',
  createdAt: 2025-04-30T14:13:24.004Z,
  updatedAt: 2025-04-30T14:13:24.004Z,
  __v: 0
} logged in 
[2025-05-01 09:28:15] [INFO]:{
  _id: new ObjectId('681230039504cffb85540fc2'),
  email: 'john@doe2.com',
  firstName: 'john',
  lastName: 'doe',
  birthDate: 2000-10-10T00:00:00.000Z,
  password: '$2b$10$TjPwJAAhYL1VO8E/KdyTfODSD.7NX7u4RK9JwGA4HJhpVZ90JPZ32',
  gender: 'male',
  role: 'user',
  createdAt: 2025-04-30T14:13:24.004Z,
  updatedAt: 2025-04-30T14:13:24.004Z,
  __v: 0
} logged in 
[2025-05-01 09:32:01] [INFO]:{
  _id: new ObjectId('681230039504cffb85540fc2'),
  email: 'john@doe2.com',
  firstName: 'john',
  lastName: 'doe',
  birthDate: 2000-10-10T00:00:00.000Z,
  password: '$2b$10$TjPwJAAhYL1VO8E/KdyTfODSD.7NX7u4RK9JwGA4HJhpVZ90JPZ32',
  gender: 'male',
  role: 'user',
  createdAt: 2025-04-30T14:13:24.004Z,
  updatedAt: 2025-04-30T14:13:24.004Z,
  __v: 0
} logged in 
[2025-05-01 09:35:07] [INFO]:{
  _id: new ObjectId('681230039504cffb85540fc2'),
  email: 'john@doe2.com',
  firstName: 'john',
  lastName: 'doe',
  birthDate: 2000-10-10T00:00:00.000Z,
  password: '$2b$10$TjPwJAAhYL1VO8E/KdyTfODSD.7NX7u4RK9JwGA4HJhpVZ90JPZ32',
  gender: 'male',
  role: 'user',
  createdAt: 2025-04-30T14:13:24.004Z,
  updatedAt: 2025-04-30T14:13:24.004Z,
  __v: 0
} logged in 
[2025-05-01 09:35:59] [INFO]:{
  _id: new ObjectId('681230039504cffb85540fc2'),
  email: 'john@doe2.com',
  firstName: 'john',
  lastName: 'doe',
  birthDate: 2000-10-10T00:00:00.000Z,
  password: '$2b$10$TjPwJAAhYL1VO8E/KdyTfODSD.7NX7u4RK9JwGA4HJhpVZ90JPZ32',
  gender: 'male',
  role: 'user',
  createdAt: 2025-04-30T14:13:24.004Z,
  updatedAt: 2025-04-30T14:13:24.004Z,
  __v: 0
} logged in 
[2025-05-01 09:37:07] [INFO]:{
  _id: new ObjectId('681230039504cffb85540fc2'),
  email: 'john@doe2.com',
  firstName: 'john',
  lastName: 'doe',
  birthDate: 2000-10-10T00:00:00.000Z,
  password: '$2b$10$TjPwJAAhYL1VO8E/KdyTfODSD.7NX7u4RK9JwGA4HJhpVZ90JPZ32',
  gender: 'male',
  role: 'user',
  createdAt: 2025-04-30T14:13:24.004Z,
  updatedAt: 2025-04-30T14:13:24.004Z,
  __v: 0
} logged in 
[2025-05-01 11:21:53] [INFO]:{
  _id: new ObjectId('681230039504cffb85540fc2'),
  email: 'john@doe2.com',
  firstName: 'john',
  lastName: 'doe',
  birthDate: 2000-10-10T00:00:00.000Z,
  password: '$2b$10$TjPwJAAhYL1VO8E/KdyTfODSD.7NX7u4RK9JwGA4HJhpVZ90JPZ32',
  gender: 'male',
  role: 'user',
  createdAt: 2025-04-30T14:13:24.004Z,
  updatedAt: 2025-04-30T14:13:24.004Z,
  __v: 0
} logged in 
[2025-05-01 11:25:48] [INFO]:{
  _id: new ObjectId('681230039504cffb85540fc2'),
  email: 'john@doe2.com',
  firstName: 'john',
  lastName: 'doe',
  birthDate: 2000-10-10T00:00:00.000Z,
  password: '$2b$10$TjPwJAAhYL1VO8E/KdyTfODSD.7NX7u4RK9JwGA4HJhpVZ90JPZ32',
  gender: 'male',
  role: 'user',
  createdAt: 2025-04-30T14:13:24.004Z,
  updatedAt: 2025-04-30T14:13:24.004Z,
  __v: 0
} logged in 
[2025-05-01 11:26:41] [INFO]:{
  _id: new ObjectId('681230039504cffb85540fc2'),
  email: 'john@doe2.com',
  firstName: 'john',
  lastName: 'doe',
  birthDate: 2000-10-10T00:00:00.000Z,
  password: '$2b$10$TjPwJAAhYL1VO8E/KdyTfODSD.7NX7u4RK9JwGA4HJhpVZ90JPZ32',
  gender: 'male',
  role: 'user',
  createdAt: 2025-04-30T14:13:24.004Z,
  updatedAt: 2025-04-30T14:13:24.004Z,
  __v: 0
} logged in 
[2025-05-01 11:28:17] [INFO]:{
  _id: new ObjectId('681230039504cffb85540fc2'),
  email: 'john@doe2.com',
  firstName: 'john',
  lastName: 'doe',
  birthDate: 2000-10-10T00:00:00.000Z,
  password: '$2b$10$TjPwJAAhYL1VO8E/KdyTfODSD.7NX7u4RK9JwGA4HJhpVZ90JPZ32',
  gender: 'male',
  role: 'user',
  createdAt: 2025-04-30T14:13:24.004Z,
  updatedAt: 2025-04-30T14:13:24.004Z,
  __v: 0
} logged in 
[2025-05-01 11:30:58] [INFO]:{
  _id: new ObjectId('681230039504cffb85540fc2'),
  email: 'john@doe2.com',
  firstName: 'john',
  lastName: 'doe',
  birthDate: 2000-10-10T00:00:00.000Z,
  password: '$2b$10$TjPwJAAhYL1VO8E/KdyTfODSD.7NX7u4RK9JwGA4HJhpVZ90JPZ32',
  gender: 'male',
  role: 'user',
  createdAt: 2025-04-30T14:13:24.004Z,
  updatedAt: 2025-04-30T14:13:24.004Z,
  __v: 0
} logged in 
[2025-05-01 11:31:42] [INFO]:{
  _id: new ObjectId('681230039504cffb85540fc2'),
  email: 'john@doe2.com',
  firstName: 'john',
  lastName: 'doe',
  birthDate: 2000-10-10T00:00:00.000Z,
  password: '$2b$10$TjPwJAAhYL1VO8E/KdyTfODSD.7NX7u4RK9JwGA4HJhpVZ90JPZ32',
  gender: 'male',
  role: 'user',
  createdAt: 2025-04-30T14:13:24.004Z,
  updatedAt: 2025-04-30T14:13:24.004Z,
  __v: 0
} logged in 
[2025-05-01 11:32:44] [INFO]:{
  _id: new ObjectId('681230039504cffb85540fc2'),
  email: 'john@doe2.com',
  firstName: 'john',
  lastName: 'doe',
  birthDate: 2000-10-10T00:00:00.000Z,
  password: '$2b$10$TjPwJAAhYL1VO8E/KdyTfODSD.7NX7u4RK9JwGA4HJhpVZ90JPZ32',
  gender: 'male',
  role: 'user',
  createdAt: 2025-04-30T14:13:24.004Z,
  updatedAt: 2025-04-30T14:13:24.004Z,
  __v: 0
} logged in 
[2025-05-01 11:40:12] [INFO]:{
  _id: new ObjectId('681230039504cffb85540fc2'),
  email: 'john@doe2.com',
  firstName: 'john',
  lastName: 'doe',
  birthDate: 2000-10-10T00:00:00.000Z,
  password: '$2b$10$TjPwJAAhYL1VO8E/KdyTfODSD.7NX7u4RK9JwGA4HJhpVZ90JPZ32',
  gender: 'male',
  role: 'user',
  createdAt: 2025-04-30T14:13:24.004Z,
  updatedAt: 2025-04-30T14:13:24.004Z,
  __v: 0
} logged in 
[2025-05-01 11:43:23] [INFO]:{
  _id: new ObjectId('681230039504cffb85540fc2'),
  email: 'john@doe2.com',
  firstName: 'john',
  lastName: 'doe',
  birthDate: 2000-10-10T00:00:00.000Z,
  password: '$2b$10$TjPwJAAhYL1VO8E/KdyTfODSD.7NX7u4RK9JwGA4HJhpVZ90JPZ32',
  gender: 'male',
  role: 'user',
  createdAt: 2025-04-30T14:13:24.004Z,
  updatedAt: 2025-04-30T14:13:24.004Z,
  __v: 0
} logged in 
[2025-05-01 11:53:24] [INFO]:{
  _id: new ObjectId('681230039504cffb85540fc2'),
  email: 'john@doe2.com',
  firstName: 'john',
  lastName: 'doe',
  birthDate: 2000-10-10T00:00:00.000Z,
  password: '$2b$10$TjPwJAAhYL1VO8E/KdyTfODSD.7NX7u4RK9JwGA4HJhpVZ90JPZ32',
  gender: 'male',
  role: 'user',
  createdAt: 2025-04-30T14:13:24.004Z,
  updatedAt: 2025-04-30T14:13:24.004Z,
  __v: 0
} logged in 
[2025-05-01 11:53:27] [INFO]:{
  _id: new ObjectId('681230039504cffb85540fc2'),
  email: 'john@doe2.com',
  firstName: 'john',
  lastName: 'doe',
  birthDate: 2000-10-10T00:00:00.000Z,
  password: '$2b$10$TjPwJAAhYL1VO8E/KdyTfODSD.7NX7u4RK9JwGA4HJhpVZ90JPZ32',
  gender: 'male',
  role: 'user',
  createdAt: 2025-04-30T14:13:24.004Z,
  updatedAt: 2025-04-30T14:13:24.004Z,
  __v: 0
} logged in 
[2025-05-01 11:53:29] [INFO]:{
  _id: new ObjectId('681230039504cffb85540fc2'),
  email: 'john@doe2.com',
  firstName: 'john',
  lastName: 'doe',
  birthDate: 2000-10-10T00:00:00.000Z,
  password: '$2b$10$TjPwJAAhYL1VO8E/KdyTfODSD.7NX7u4RK9JwGA4HJhpVZ90JPZ32',
  gender: 'male',
  role: 'user',
  createdAt: 2025-04-30T14:13:24.004Z,
  updatedAt: 2025-04-30T14:13:24.004Z,
  __v: 0
} logged in 
[2025-05-01 11:55:11] [INFO]:{
  _id: new ObjectId('681230039504cffb85540fc2'),
  email: 'john@doe2.com',
  firstName: 'john',
  lastName: 'doe',
  birthDate: 2000-10-10T00:00:00.000Z,
  password: '$2b$10$TjPwJAAhYL1VO8E/KdyTfODSD.7NX7u4RK9JwGA4HJhpVZ90JPZ32',
  gender: 'male',
  role: 'user',
  createdAt: 2025-04-30T14:13:24.004Z,
  updatedAt: 2025-04-30T14:13:24.004Z,
  __v: 0
} logged in 
[2025-05-01 11:55:40] [INFO]:{
  _id: new ObjectId('681230039504cffb85540fc2'),
  email: 'john@doe2.com',
  firstName: 'john',
  lastName: 'doe',
  birthDate: 2000-10-10T00:00:00.000Z,
  password: '$2b$10$TjPwJAAhYL1VO8E/KdyTfODSD.7NX7u4RK9JwGA4HJhpVZ90JPZ32',
  gender: 'male',
  role: 'user',
  createdAt: 2025-04-30T14:13:24.004Z,
  updatedAt: 2025-04-30T14:13:24.004Z,
  __v: 0
} logged in 
[2025-05-01 11:57:56] [INFO]:{
  _id: new ObjectId('681230039504cffb85540fc2'),
  email: 'john@doe2.com',
  firstName: 'john',
  lastName: 'doe',
  birthDate: 2000-10-10T00:00:00.000Z,
  password: '$2b$10$TjPwJAAhYL1VO8E/KdyTfODSD.7NX7u4RK9JwGA4HJhpVZ90JPZ32',
  gender: 'male',
  role: 'user',
  createdAt: 2025-04-30T14:13:24.004Z,
  updatedAt: 2025-04-30T14:13:24.004Z,
  __v: 0
} logged in 
[2025-05-01 12:08:25] [ERROR]:Assignment to constant variable.
[2025-05-01 12:08:27] [ERROR]:Assignment to constant variable.
[2025-05-01 12:08:29] [ERROR]:Assignment to constant variable.
[2025-05-01 12:23:54] [INFO]:{
  _id: new ObjectId('681230039504cffb85540fc2'),
  email: 'john@doe2.com',
  firstName: 'john',
  lastName: 'doe',
  birthDate: 2000-10-10T00:00:00.000Z,
  password: '$2b$10$TjPwJAAhYL1VO8E/KdyTfODSD.7NX7u4RK9JwGA4HJhpVZ90JPZ32',
  gender: 'male',
  role: 'user',
  createdAt: 2025-04-30T14:13:24.004Z,
  updatedAt: 2025-04-30T14:13:24.004Z,
  __v: 0
} logged in 
[2025-05-01 12:25:38] [INFO]:{
  _id: new ObjectId('681230039504cffb85540fc2'),
  email: 'john@doe2.com',
  firstName: 'john',
  lastName: 'doe',
  birthDate: 2000-10-10T00:00:00.000Z,
  password: '$2b$10$TjPwJAAhYL1VO8E/KdyTfODSD.7NX7u4RK9JwGA4HJhpVZ90JPZ32',
  gender: 'male',
  role: 'user',
  createdAt: 2025-04-30T14:13:24.004Z,
  updatedAt: 2025-04-30T14:13:24.004Z,
  __v: 0
} logged in 
[2025-05-01 12:25:57] [INFO]:{
  _id: new ObjectId('681230039504cffb85540fc2'),
  email: 'john@doe2.com',
  firstName: 'john',
  lastName: 'doe',
  birthDate: 2000-10-10T00:00:00.000Z,
  password: '$2b$10$TjPwJAAhYL1VO8E/KdyTfODSD.7NX7u4RK9JwGA4HJhpVZ90JPZ32',
  gender: 'male',
  role: 'user',
  createdAt: 2025-04-30T14:13:24.004Z,
  updatedAt: 2025-04-30T14:13:24.004Z,
  __v: 0
} logged in 
[2025-05-01 12:40:35] [INFO]:{
  _id: new ObjectId('681230039504cffb85540fc2'),
  email: 'john@doe2.com',
  firstName: 'john',
  lastName: 'doe',
  birthDate: 2000-10-10T00:00:00.000Z,
  password: '$2b$10$TjPwJAAhYL1VO8E/KdyTfODSD.7NX7u4RK9JwGA4HJhpVZ90JPZ32',
  gender: 'male',
  role: 'user',
  createdAt: 2025-04-30T14:13:24.004Z,
  updatedAt: 2025-04-30T14:13:24.004Z,
  __v: 0
} logged in 
[2025-05-01 14:13:43] [ERROR]:not authenticated
[2025-05-01 14:13:43] [ERROR]:not authenticated
[2025-05-01 14:13:44] [ERROR]:not authenticated
[2025-05-01 14:13:44] [ERROR]:not authenticated
[2025-05-01 14:13:46] [ERROR]:not authenticated
[2025-05-01 14:13:46] [ERROR]:not authenticated
[2025-05-01 14:13:50] [ERROR]:not authenticated
[2025-05-01 14:13:50] [ERROR]:not authenticated
[2025-05-01 14:14:01] [ERROR]:not authenticated
[2025-05-01 14:14:01] [ERROR]:not authenticated
[2025-05-01 14:14:02] [ERROR]:not authenticated
[2025-05-01 14:14:02] [ERROR]:not authenticated
[2025-05-01 14:14:04] [ERROR]:not authenticated
[2025-05-01 14:14:06] [ERROR]:not authenticated
[2025-05-01 14:14:07] [ERROR]:not authenticated
[2025-05-01 14:14:08] [ERROR]:not authenticated
[2025-05-01 14:14:09] [ERROR]:not authenticated
[2025-05-01 14:14:13] [ERROR]:not authenticated
[2025-05-01 14:14:16] [ERROR]:not authenticated
[2025-05-01 14:14:17] [ERROR]:not authenticated
[2025-05-01 14:14:26] [ERROR]:not authenticated
[2025-05-01 14:14:26] [ERROR]:not authenticated
[2025-05-01 14:14:28] [ERROR]:not authenticated
[2025-05-01 14:14:28] [ERROR]:not authenticated
[2025-05-01 14:14:30] [ERROR]:not authenticated
[2025-05-01 14:14:30] [ERROR]:not authenticated
[2025-05-01 14:14:34] [ERROR]:not authenticated
[2025-05-01 14:14:34] [ERROR]:not authenticated
[2025-05-01 14:15:12] [ERROR]:not authenticated
[2025-05-01 14:15:17] [ERROR]:not authenticated
[2025-05-01 14:15:22] [ERROR]:not authenticated
[2025-05-01 14:19:02] [INFO]:{
  _id: new ObjectId('681230039504cffb85540fc2'),
  email: 'john@doe2.com',
  firstName: 'john',
  lastName: 'doe',
  birthDate: 2000-10-10T00:00:00.000Z,
  password: '$2b$10$TjPwJAAhYL1VO8E/KdyTfODSD.7NX7u4RK9JwGA4HJhpVZ90JPZ32',
  gender: 'male',
  role: 'user',
  createdAt: 2025-04-30T14:13:24.004Z,
  updatedAt: 2025-04-30T14:13:24.004Z,
  __v: 0
} logged in 
[2025-05-01 14:19:39] [INFO]:{
  _id: new ObjectId('681230039504cffb85540fc2'),
  email: 'john@doe2.com',
  firstName: 'john',
  lastName: 'doe',
  birthDate: 2000-10-10T00:00:00.000Z,
  password: '$2b$10$TjPwJAAhYL1VO8E/KdyTfODSD.7NX7u4RK9JwGA4HJhpVZ90JPZ32',
  gender: 'male',
  role: 'user',
  createdAt: 2025-04-30T14:13:24.004Z,
  updatedAt: 2025-04-30T14:13:24.004Z,
  __v: 0
} logged in 
[2025-05-01 14:29:11] [ERROR]:Cast to ObjectId failed for value "[object Object]" (type string) at path "_id" for model "Blog"
[2025-05-01 14:29:13] [ERROR]:Cast to ObjectId failed for value "[object Object]" (type string) at path "_id" for model "Blog"
[2025-05-01 14:29:14] [ERROR]:Cast to ObjectId failed for value "[object Object]" (type string) at path "_id" for model "Blog"
[2025-05-01 14:29:15] [ERROR]:Cast to ObjectId failed for value "[object Object]" (type string) at path "_id" for model "Blog"
[2025-05-01 14:29:17] [ERROR]:Cast to ObjectId failed for value "[object Object]" (type string) at path "_id" for model "Blog"
[2025-05-01 14:29:34] [ERROR]:Cast to ObjectId failed for value "[object Object]" (type string) at path "_id" for model "Blog"
[2025-05-01 14:29:37] [ERROR]:Cast to ObjectId failed for value "1" (type string) at path "_id" for model "Blog"
[2025-05-01 14:29:38] [ERROR]:Cast to ObjectId failed for value "1" (type string) at path "_id" for model "Blog"
[2025-05-01 14:29:40] [ERROR]:Cast to ObjectId failed for value "1" (type string) at path "_id" for model "Blog"
[2025-05-01 14:29:44] [ERROR]:Cast to ObjectId failed for value "1" (type string) at path "_id" for model "Blog"
