 /api/blog/comment POST 21/04/2025 - 10:44:36 {"text":"good job !","createdBy":"67f7a8ef77ae76243040f129","blogId":"680283bf6748dbf58cb59b06"} 
 /api/blog/comment/reply GET 21/04/2025 - 10:56:44 {"createdBy":"","replyTo":"","text":""} 
 /api/blog/comment/reply POST 21/04/2025 - 10:56:55 {"createdBy":"","replyTo":"","text":""} 
 /api/blog/comment/reply POST 21/04/2025 - 10:57:29 {"createdBy":"","replyTo":"","text":""} 
 /api/blog/comment/reply POST 21/04/2025 - 10:58:11 {"createdBy":"","replyTo":"","text":""} 
 /api/blog/comment/reply POST 21/04/2025 - 10:58:14 {"createdBy":"","replyTo":"","text":""} 
 /api/blog/comment/reply POST 21/04/2025 - 11:00:19 {"createdBy":"67f7a8ef77ae76243040f129","replyTo":"68061384175fad6fd87a1a0d","text":"amazing !"} 
 /api/blog/comment/reply POST 21/04/2025 - 11:00:55 {"createdBy":"67f7a8ef77ae76243040f129","replyTo":"68061384175fad6fd87a1a0d","text":"amazing !"} 
 /api/blog/comment/reply POST 21/04/2025 - 11:02:37 {"createdBy":"67f7a8ef77ae76243040f129","replyTo":"68061384175fad6fd87a1a0d","text":"amazing !"} 
 /api/blog/comment/reply POST 21/04/2025 - 11:05:04 {"createdBy":"67f7a8ef77ae76243040f129","replyTo":"68061384175fad6fd87a1a0d","text":"amazing !"} 
 /api/blog/comment/reply POST 21/04/2025 - 11:05:32 {"createdBy":"67f7a8ef77ae76243040f129","replyTo":"68061384175fad6fd87a1a0d","text":"amazing !"} 
 /api/blog/comment/reply POST 21/04/2025 - 11:07:22 {"createdBy":"67f7a8ef77ae76243040f129","replyTo":"68061384175fad6fd87a1a0d","text":"amazing !"} 
 /api/blog/comment/reply POST 21/04/2025 - 11:08:31 {"createdBy":"67f7a8ef77ae76243040f129","replyTo":"68061384175fad6fd87a1a0d","text":"amazing !"} 
 /api/blog/comment/reply POST 21/04/2025 - 11:09:52 {"createdBy":"67f7a8ef77ae76243040f129","replyTo":"68061384175fad6fd87a1a0d","text":"nice try!"} 
 /api/blogs GET 22/04/2025 - 11:01:18 {} 
 /api/blogs GET 22/04/2025 - 11:01:39 {} 
 /api/blogs GET 22/04/2025 - 11:03:09 {} 
 /api/blogs GET 22/04/2025 - 11:03:33 {} 
 /api/blogs GET 22/04/2025 - 11:04:59 {} 
 /api/blogs GET 22/04/2025 - 11:05:18 {} 
 /api/blogs GET 22/04/2025 - 11:05:22 {} 
 /api/auth/login POST 22/04/2025 - 11:09:46 {"email":"test2@gmail.com","password":"oussama10"} 
 /api/blogs GET 22/04/2025 - 11:09:58 {} 
 /api/blogs GET 22/04/2025 - 11:10:25 {} 
 /api/blogs GET 22/04/2025 - 11:10:40 {} 
 /api/blogs GET 22/04/2025 - 11:10:56 {} 
 /api/blogs GET 22/04/2025 - 11:13:34 {} 
 /api/blogs GET 22/04/2025 - 11:13:46 {} 
 /api/blogs GET 22/04/2025 - 11:14:18 {} 
 /auth/logout GET 22/04/2025 - 11:17:04 {} 
 /auth/logout GET 22/04/2025 - 11:17:10 {} 
 /auth/logout GET 22/04/2025 - 11:17:12 {} 
 /api/auth/logout GET 22/04/2025 - 11:17:22 {} 
 /api/blogs GET 22/04/2025 - 11:17:27 {} 
 /api/auth/login POST 22/04/2025 - 11:17:30 {"email":"test2@gmail.com","password":"oussama10"} 
 /api/blogs GET 22/04/2025 - 11:17:35 {} 
 /api/blogs GET 22/04/2025 - 11:18:24 {} 
 /api/blogs GET 22/04/2025 - 11:19:16 {} 
 /api/blogs GET 22/04/2025 - 11:19:29 {} 
 /api/auth/login POST 22/04/2025 - 11:19:45 {"email":"test2@gmail.com","password":"oussama10"} 
 /api/blogs GET 22/04/2025 - 11:19:49 {} 
 /api/blogs GET 22/04/2025 - 11:21:02 {} 
 /api/blogs GET 22/04/2025 - 11:21:20 {} 
 /api/auth/logout GET 22/04/2025 - 11:24:14 {} 
 /api/auth/login POST 22/04/2025 - 11:24:25 {"email":"test2@gmail.com","password":"oussama10"} 
 /api/auth/logout GET 22/04/2025 - 11:24:28 {} 
 /api/auth/login POST 22/04/2025 - 11:25:11 {"email":"test2@gmail.com","password":"oussama10"} 
 /api/auth/login POST 22/04/2025 - 11:25:46 {"email":"test2@gmail.com","password":"oussama10"} 
 /api/auth/login POST 22/04/2025 - 11:25:49 {"email":"test2@gmail.com","password":"oussama10"} 
 /api/auth/logout GET 22/04/2025 - 11:25:52 {} 
 /api/auth/register POST 22/04/2025 - 11:26:33 {"firstName":"john","lastName":"doe","position":"","email":"john@doe.com","password":"JohnDoe10@","avatar":"https://www.lummi.ai/photo/young-man-in-urban-setting-tvciy","gender":"male"} 
 /api/auth/login POST 22/04/2025 - 11:26:53 {"email":"john@doe.com","password":"JohnDoe10@"} 
 /api/blogs GET 22/04/2025 - 11:27:11 {} 
 /api/blogs GET 22/04/2025 - 11:27:50 {} 
 /api/blogs POST 22/04/2025 - 11:28:47 {"title":"blog 2","description":"blog 2 description","shares":100} 
 /api/blogs/67f8e171789e8d4c82743908/like POST 22/04/2025 - 11:29:42 {"userId":"67f7a8ef77ae76243040f129","blogId":"680283bf6748dbf58cb59b06"} 
 /api/blogs/67f8e171789e8d4c82743908/like POST 22/04/2025 - 11:30:14 {"userId":"67f7a8ef77ae76243040f129","blogId":"68076f5ff86728a7c68f4e97"} 
 /api/blogs/67f8e171789e8d4c82743908/like POST 22/04/2025 - 11:30:24 {"userId":"67f7a8ef77ae76243040f129","blogId":"68076f5ff86728a7c68f4e97"} 
 /api/blog/comment POST 22/04/2025 - 11:31:58 {"text":"nice try !","blogId":"68076f5ff86728a7c68f4e97"} 
 /api/blog/comment POST 22/04/2025 - 11:37:29 {"text":"nice try !","blogId":"68076f5ff86728a7c68f4e97"} 
 /api/blog/comment POST 22/04/2025 - 11:38:29 {"text":"nice try !","blogId":"68076f5ff86728a7c68f4e97"} 
 /api/blog/comment POST 22/04/2025 - 11:39:57 {"text":"nice try !","blogId":"68076f5ff86728a7c68f4e97"} 
 /api/blog/comment POST 22/04/2025 - 11:40:30 {"text":"amazing !","blogId":"68076f5ff86728a7c68f4e97"} 
 /api/blog/comment/reply POST 22/04/2025 - 11:43:08 {"replyTo":"680771fd1aa1bfaf7be8ebe2","text":"nice try!"} 
 /api/blogs GET 22/04/2025 - 11:43:51 {} 
 /api/blogs GET 22/04/2025 - 11:44:29 {} 
 /api/blog/comment/reply DELETE 22/04/2025 - 12:47:50 {"replyId":"680772bc570c7310e9490422"} 
 /api/blog/comment/reply DELETE 22/04/2025 - 12:48:31 {"replyId":"680772bc570c7310e9490422"} 
 /api/blog/comment/reply DELETE 22/04/2025 - 12:48:53 {"replyId":"680772bc570c7310e9490425"} 
 /api/blog/comment/reply DELETE 22/04/2025 - 12:48:58 {"replyId":"680772bc570c7310e9490422"} 
 /api/blog/comment/reply DELETE 22/04/2025 - 12:49:24 {"replyId":"680772bc570c7310e9490422"} 
 /api/blog/comment/reply DELETE 22/04/2025 - 12:50:47 {"replyId":"680772bc570c7310e9490422"} 
 /api/blog/comment/reply DELETE 22/04/2025 - 12:52:21 {"replyId":"680772bc570c7310e9490422"} 
 /api/blog/comment/reply DELETE 22/04/2025 - 12:52:59 {"replyId":"680772bc570c7310e9490422"} 
 /api/auth/login POST 22/04/2025 - 12:54:04 {"email":"john@doe.com","password":"JohnDoe10@"} 
 /api/blog/comment/reply DELETE 22/04/2025 - 12:54:10 {"replyId":"680772bc570c7310e9490422"} 
 /api/blog/comment/reply POST 22/04/2025 - 12:54:37 {"replyTo":"680771fd1aa1bfaf7be8ebe2","text":"good job !"} 
 /api/blog/comment/reply DELETE 22/04/2025 - 12:55:21 {"replyId":"680772bc570c7310e9490422"} 
 /api/blog/comment/reply DELETE 22/04/2025 - 12:55:44 {"replyId":"6807837d82c6060981490adf"} 
 /api/blog/comment/reply DELETE 22/04/2025 - 12:56:03 {"replyId":"6807837d82c6060981490adf"} 
 /api/blog/comment/reply DELETE 22/04/2025 - 12:56:04 {"replyId":"6807837d82c6060981490adf"} 
 /api/auth/register POST 22/04/2025 - 13:45:55 {"firstName":"test","lastName":"test","position":"","email":"test@test.com","password":"test10test","avatar":"https://www.lummi.ai/photo/young-man-in-urban-setting-tvciy","gender":"male"} 
 /api/auth/login POST 22/04/2025 - 13:46:24 {"email":"test@test.com","password":"test10test"} 
 /api/blogs POST 22/04/2025 - 13:46:46 {"title":"test blog","description":"test blog  description","shares":100} 
 /api/blogs GET 22/04/2025 - 13:47:11 {} 
 /api/blogs/67f8e171789e8d4c82743908/like POST 22/04/2025 - 13:48:45 {"blogId":"68076f5ff86728a7c68f4e97"} 
 /api/blog/comment POST 22/04/2025 - 13:49:23 {"text":"just for test !","blogId":"68076f5ff86728a7c68f4e97"} 
 /api/blog/comment/reply POST 22/04/2025 - 13:50:14 {"replyTo":"68076f5ff86728a7c68f4e97","text":"thank u for your comment !"} 
 /api/blog/comment/reply POST 22/04/2025 - 13:50:40 {"replyTo":"680790537d6305a769e675cb","text":"thank u for your comment !"} 
 /api/current-user GET 22/04/2025 - 13:51:11 {} 
 /api/current-user GET 22/04/2025 - 13:52:14 {} 
 /api/current-user GET 22/04/2025 - 13:54:51 {} 
 /api/current-user DELETE 22/04/2025 - 13:57:14 {} 
 /api/current-user DELETE 22/04/2025 - 14:01:07 {} 
 /api/current-user GET 22/04/2025 - 14:30:59 {} 
 /api/blogs GET 22/04/2025 - 14:32:05 {} 
 /api/blogs GET 22/04/2025 - 14:32:20 {} 
 /api/blogs GET 22/04/2025 - 14:32:24 {} 
 /api/current-user GET 22/04/2025 - 14:32:32 {} 
 /api/auth/login POST 22/04/2025 - 14:32:53 {"email":"test@test.com","password":"test10test"} 
 /api/current-user GET 22/04/2025 - 14:32:59 {} 
 /api/current-user DELETE 22/04/2025 - 14:35:16 {} 
 /api/current-user DELETE 22/04/2025 - 14:35:45 {} 
 /api/auth/register POST 22/04/2025 - 14:41:13 {"firstName":"john","lastName":"doe","position":"","email":"john@doe.com","password":"john@doe10","avatar":"https://www.lummi.ai/photo/young-man-in-urban-setting-tvciy","gender":"male"} 
 /api/auth/login POST 22/04/2025 - 14:41:46 {"email":"john@doe.com","password":"john@doe10"} 
 /api/auth/register POST 22/04/2025 - 14:42:22 {"firstName":"test","lastName":"test","position":"","email":"test@test.com","password":"test10test","avatar":"https://www.lummi.ai/photo/young-man-in-urban-setting-tvciy","gender":"male"} 
 /api/auth/login POST 22/04/2025 - 14:42:47 {"email":"test@test.com","password":"test10test"} 
 /api/current-user DELETE 22/04/2025 - 14:42:52 {} 
 /api/auth/register POST 22/04/2025 - 14:44:16 {"firstName":"john","lastName":"doe","position":"","email":"john@doe.com","password":"john10doe","avatar":"https://www.lummi.ai/photo/young-man-in-urban-setting-tvciy","gender":"male"} 
 /api/auth/register POST 22/04/2025 - 14:44:40 {"firstName":"test","lastName":"test","position":"","email":"test@test.com","password":"test10test","avatar":"https://www.lummi.ai/photo/young-man-in-urban-setting-tvciy","gender":"male"} 
 /api/auth/login POST 22/04/2025 - 14:44:47 {"email":"test@test.com","password":"test10test"} 
 /api/current-user GET 22/04/2025 - 14:45:01 {} 
 /api/current-user DELETE 22/04/2025 - 14:45:10 {} 
 /api/current-user DELETE 22/04/2025 - 14:45:51 {} 
 /api/current-user DELETE 22/04/2025 - 14:45:52 {} 
 /api/current-user DELETE 22/04/2025 - 14:45:55 {} 
 /api/auth/register POST 22/04/2025 - 14:46:26 {"firstName":"john","lastName":"doe","position":"","email":"john@doe.com","password":"john10doe","avatar":"https://www.lummi.ai/photo/young-man-in-urban-setting-tvciy","gender":"male"} 
 /api/auth/login POST 22/04/2025 - 14:46:45 {"email":"john@doe.com","password":"john10doe"} 
 /api/auth/register POST 22/04/2025 - 14:47:04 {"firstName":"test","lastName":"test","position":"","email":"test@test.com","password":"test10test","avatar":"https://www.lummi.ai/photo/young-man-in-urban-setting-tvciy","gender":"male"} 
 /api/current-user DELETE 22/04/2025 - 14:47:11 {} 
 /api/current-user GET 22/04/2025 - 14:47:18 {} 
 /api/current-user GET 22/04/2025 - 14:47:20 {} 
 /api/auth/register POST 22/04/2025 - 14:47:36 {"firstName":"john","lastName":"doe","position":"","email":"john@doe.com","password":"john10doe","avatar":"https://www.lummi.ai/photo/young-man-in-urban-setting-tvciy","gender":"male"} 
 /api/auth/register POST 22/04/2025 - 14:47:40 {"firstName":"john","lastName":"doe","position":"","email":"john@doe.com","password":"john10doe","avatar":"https://www.lummi.ai/photo/young-man-in-urban-setting-tvciy","gender":"male"} 
 /api/auth/login POST 22/04/2025 - 14:47:50 {"email":"john@doe.com","password":"john10doe"} 
 /api/current-user GET 22/04/2025 - 14:47:53 {} 
 /api/auth/login POST 22/04/2025 - 14:48:19 {"email":"test@test.com","password":"test10test"} 
 /api/current-user GET 22/04/2025 - 14:48:24 {} 
 /api/current-user DELETE 22/04/2025 - 14:48:35 {} 
 /api/current-user GET 22/04/2025 - 14:48:46 {} 
 /api/current-user GET 22/04/2025 - 14:48:50 {} 
 /api/auth/register POST 22/04/2025 - 14:49:18 {"firstName":"test","lastName":"test","position":"","email":"test@test.com","password":"test10test","avatar":"https://www.lummi.ai/photo/young-man-in-urban-setting-tvciy","gender":"male"} 
 /api/blogs GET 22/04/2025 - 14:49:35 {} 
 /api/current-user GET 22/04/2025 - 14:49:56 {} 
 /api/current-user GET 22/04/2025 - 14:49:57 {} 
 /api/current-user GET 22/04/2025 - 14:50:07 {} 
 /api/auth/logout GET 22/04/2025 - 14:50:14 {} 
 /api/current-user GET 22/04/2025 - 14:50:19 {} 
 /api/auth/login POST 22/04/2025 - 14:51:03 {"email":"test@test.com","password":"test10test"} 
 /api/current-user GET 22/04/2025 - 14:51:12 {} 
 /api/blogs POST 22/04/2025 - 14:51:28 {"title":"test 2  blog","description":"test 2 blog  description","shares":100} 
 /api/blogs/67f8e171789e8d4c82743908/like POST 22/04/2025 - 14:51:52 {"blogId":"68079ee06d381d6dbc4001a6"} 
 /api/blog/comment POST 22/04/2025 - 14:52:17 {"text":"test comment !","blogId":"68079ee06d381d6dbc4001a6"} 
 /api/blog/comment/reply POST 22/04/2025 - 14:52:29 {"replyTo":"68079ee06d381d6dbc4001a6","text":"thank u for your comment !"} 
 /api/blog/comment/reply POST 22/04/2025 - 14:52:36 {"replyTo":"68079ee06d381d6dbc4001a6","text":"thank u for your comment !"} 
 /api/blogs/67f8e171789e8d4c82743908/like POST 22/04/2025 - 14:53:01 {"blogId":"68079f116d381d6dbc4001ac"} 
 /api/blog/comment/reply POST 22/04/2025 - 14:53:10 {"replyTo":"68079f116d381d6dbc4001ac","text":"thank u for your comment !"} 
 /api/current-user DELETE 22/04/2025 - 14:56:05 {} 
 /api/current-user DELETE 22/04/2025 - 14:57:19 {} 
 /api/current-user DELETE 22/04/2025 - 15:01:12 {} 
 /api/current-user DELETE 22/04/2025 - 15:02:15 {} 
 /api/current-user DELETE 22/04/2025 - 15:02:42 {} 
 /api/current-user DELETE 22/04/2025 - 15:07:19 {} 
 /api/blog/comment/reply POST 22/04/2025 - 15:08:11 {"replyTo":"680790537d6305a769e675cb","text":"something ! !"} 
 /api/current-user GET 22/04/2025 - 15:11:27 {} 
 /api/current-user DELETE 22/04/2025 - 15:11:35 {} 
 /api/current-user DELETE 22/04/2025 - 15:12:25 {} 
 /api/current-user DELETE 22/04/2025 - 15:15:51 {} 
 /api/current-user DELETE 22/04/2025 - 15:16:53 {} 
 /api/current-user DELETE 22/04/2025 - 15:19:38 {} 
 /api/current-user DELETE 22/04/2025 - 15:20:39 {} 
 /api/current-user DELETE 22/04/2025 - 15:21:28 {} 
 /api/current-user DELETE 22/04/2025 - 15:21:48 {} 
 /api/current-user DELETE 22/04/2025 - 15:23:38 {} 
 /api/current-user DELETE 22/04/2025 - 15:24:31 {} 
 /api/current-user DELETE 22/04/2025 - 15:29:54 {} 
 /api/current-user DELETE 22/04/2025 - 15:34:24 {} 
 /api/current-user DELETE 22/04/2025 - 15:36:23 {} 
 /api/blog/comment/reply POST 22/04/2025 - 15:40:38 {"replyTo":"680771fd1aa1bfaf7be8ebe2","text":"reply one (nice try )"} 
 /api/blog/comment/reply POST 22/04/2025 - 15:40:59 {"replyTo":"6807721e1aa1bfaf7be8ebe5","text":"reply 2 (amazing ! )"} 
 /api/current-user DELETE 22/04/2025 - 15:41:19 {} 
 /api/blog/comment POST 22/04/2025 - 16:03:20 {"text":"","blogId":"68079ee06d381d6dbc4001a6"} 
 /api/current-user GET 22/04/2025 - 16:04:12 {} 
 /api/current-user PATCH 22/04/2025 - 16:05:03 {"firstName":"test 1","lastName":"test"} 
 /api/current-user GET 22/04/2025 - 16:05:13 {"firstName":"test 1","lastName":"test"} 
 /api/current-user GET 22/04/2025 - 16:07:03 {"firstName":"test 1","lastName":"test"} 
 /api/current-user GET 22/04/2025 - 16:07:35 {"firstName":"test 1","lastName":"test"} 
 /api/current-user GET 22/04/2025 - 16:09:05 {} 
 /api/current-user GET 22/04/2025 - 16:09:16 {} 
 /api/blogs GET 22/04/2025 - 16:29:05 {} 
 /favicon.ico GET 22/04/2025 - 16:29:06 {} 
 /api/blogs GET 22/04/2025 - 16:29:45 {} 
 /api/blogs GET 22/04/2025 - 16:30:10 {} 
 /api/blogs GET 22/04/2025 - 16:30:32 {} 
 /api/blogs GET 22/04/2025 - 16:31:41 {} 
 /api/blogs GET 22/04/2025 - 16:31:46 {} 
 /api/blogs GET 22/04/2025 - 16:31:46 {} 
 /api/blogs GET 22/04/2025 - 16:31:47 {} 
 /api/blogs GET 22/04/2025 - 16:31:47 {} 
 /api/blogs GET 22/04/2025 - 16:31:47 {} 
 /api/blogs GET 22/04/2025 - 16:31:47 {} 
 /api/blogs GET 22/04/2025 - 16:31:48 {} 
 /api/blogs GET 22/04/2025 - 16:31:48 {} 
 /api/blogs GET 22/04/2025 - 16:31:48 {} 
 /api/blogs GET 22/04/2025 - 16:31:48 {} 
 /api/blogs GET 22/04/2025 - 16:31:48 {} 
 /api/blogs GET 22/04/2025 - 16:31:49 {} 
 /api/blogs GET 22/04/2025 - 16:31:49 {} 
 /api/blogs GET 22/04/2025 - 16:31:51 {} 
 /api/blogs GET 22/04/2025 - 16:31:52 {} 
 /api/blogs GET 22/04/2025 - 16:31:52 {} 
 /api/blogs GET 22/04/2025 - 16:31:52 {} 
 /api/blogs GET 22/04/2025 - 16:31:52 {} 
 /api/blogs GET 22/04/2025 - 16:32:11 {} 
 /api/blogs GET 22/04/2025 - 16:32:11 {} 
 /api/blogs GET 22/04/2025 - 16:32:11 {} 
 /api/blogs GET 22/04/2025 - 16:32:12 {} 
 /api/blogs GET 22/04/2025 - 16:32:12 {} 
 /api/blogs GET 22/04/2025 - 16:32:12 {} 
 /api/blogs GET 22/04/2025 - 16:32:12 {} 
 /api/blogs GET 22/04/2025 - 16:32:12 {} 
 /api/blogs GET 22/04/2025 - 16:32:13 {} 
 /api/blogs GET 22/04/2025 - 16:32:13 {} 
 /api/blogs GET 22/04/2025 - 16:32:13 {} 
 /api/blogs GET 22/04/2025 - 16:32:13 {} 
 /api/blogs GET 22/04/2025 - 16:32:13 {} 
 /api/blogs GET 22/04/2025 - 16:32:14 {} 
 /api/blogs GET 22/04/2025 - 16:32:14 {} 
 /api/blogs GET 22/04/2025 - 16:32:14 {} 
 /api/blogs GET 22/04/2025 - 16:32:14 {} 
 /api/blogs GET 22/04/2025 - 16:32:15 {} 
 /api/blogs GET 22/04/2025 - 16:32:15 {} 
 /api/blogs GET 22/04/2025 - 16:32:15 {} 
 /api/blogs GET 22/04/2025 - 16:32:15 {} 
 /api/blogs GET 22/04/2025 - 16:32:15 {} 
 /api/blogs GET 22/04/2025 - 16:32:15 {} 
 /api/blogs GET 22/04/2025 - 16:32:15 {} 
 /api/blogs GET 22/04/2025 - 16:32:19 {} 
 /api/blogs GET 22/04/2025 - 16:32:19 {} 
 /api/blogs GET 22/04/2025 - 16:32:19 {} 
 /api/blogs GET 22/04/2025 - 16:32:19 {} 
 /api/blogs GET 22/04/2025 - 16:32:20 {} 
 /api/blogs GET 22/04/2025 - 16:32:20 {} 
 /api/blogs GET 22/04/2025 - 16:32:20 {} 
 /api/blogs GET 22/04/2025 - 16:32:20 {} 
 /api/blogs GET 22/04/2025 - 16:32:20 {} 
 /api/blogs GET 22/04/2025 - 16:32:36 {} 
 /api/blogs GET 22/04/2025 - 16:32:37 {} 
 /api/blogs GET 22/04/2025 - 16:32:38 {} 
 /api/blogs GET 22/04/2025 - 16:32:38 {} 
 /api/blogs GET 22/04/2025 - 16:32:38 {} 
 /api/blogs GET 22/04/2025 - 16:32:38 {} 
 /api/blogs GET 22/04/2025 - 16:32:38 {} 
 /api/blogs GET 22/04/2025 - 16:32:39 {} 
 /api/blogs GET 22/04/2025 - 16:32:44 {} 
 /api/blogs GET 22/04/2025 - 16:38:22 {} 
 /api/blogs GET 22/04/2025 - 16:51:06 {} 
 /api/blogs GET 22/04/2025 - 16:51:49 {} 
